<?xml version="1.0" encoding="UTF-8"?>
<testng-results skipped="0" failed="1" ignored="0" total="2" passed="1">
  <reporter-output>
  </reporter-output>
  <suite name="Surefire suite" duration-ms="12078" started-at="2022-03-13T15:38:13 EET" finished-at="2022-03-13T15:38:25 EET">
    <groups>
      <group name="cucumber">
        <method signature="AbstractTestNGCucumberTests.runScenario(io.cucumber.testng.PickleWrapper,io.cucumber.testng.FeatureWrapper)[pri:0, instance:com.automation.runners.TestRunner@2781e022]" name="runScenario" class="io.cucumber.testng.AbstractTestNGCucumberTests"/>
      </group> <!-- cucumber -->
    </groups>
    <test name="Surefire test" duration-ms="12078" started-at="2022-03-13T15:38:13 EET" finished-at="2022-03-13T15:38:25 EET">
      <class name="com.automation.runners.TestRunner">
        <test-method status="PASS" signature="setUpClass(org.testng.ITestContext)[pri:0, instance:com.automation.runners.TestRunner@2781e022]" name="setUpClass" is-config="true" duration-ms="439" started-at="2022-03-13T15:38:13 EET" finished-at="2022-03-13T15:38:13 EET">
          <params>
            <param index="0">
              <value>
                <![CDATA[org.testng.TestRunner@472698d]]>
              </value>
            </param>
          </params>
          <reporter-output>
          </reporter-output>
        </test-method> <!-- setUpClass -->
        <test-method status="FAIL" signature="runScenario(io.cucumber.testng.PickleWrapper,io.cucumber.testng.FeatureWrapper)[pri:0, instance:com.automation.runners.TestRunner@2781e022]" name="runScenario" duration-ms="6805" started-at="2022-03-13T15:38:13 EET" description="Runs Cucumber Scenarios" data-provider="scenarios" finished-at="2022-03-13T15:38:20 EET">
          <params>
            <param index="0">
              <value>
                <![CDATA["user could login with valid email and password"]]>
              </value>
            </param>
            <param index="1">
              <value>
                <![CDATA["Optional[F01_Login | users could use login functionality to open their accounts]"]]>
              </value>
            </param>
          </params>
          <exception class="java.lang.AssertionError">
            <message>
              <![CDATA[expected [true] but found [false]]]>
            </message>
            <full-stacktrace>
              <![CDATA[java.lang.AssertionError: expected [true] but found [false]
at org.testng.Assert.fail(Assert.java:99)
at org.testng.Assert.failNotEquals(Assert.java:1037)
at org.testng.Assert.assertTrue(Assert.java:45)
at org.testng.Assert.assertTrue(Assert.java:55)
at com.automation.step_definitions.loginStepDefinitions.success_login(loginStepDefinitions.java:37)
at âœ½.user login to the system successfully(file:///C:/Users/Khaled%20Ashraf/IdeaProjects/final_project_report/src/main/resources/features/F01_Login.feature:8)
]]>
            </full-stacktrace>
          </exception> <!-- java.lang.AssertionError -->
          <reporter-output>
          </reporter-output>
        </test-method> <!-- runScenario -->
        <test-method status="PASS" signature="runScenario(io.cucumber.testng.PickleWrapper,io.cucumber.testng.FeatureWrapper)[pri:0, instance:com.automation.runners.TestRunner@2781e022]" name="runScenario" duration-ms="4587" started-at="2022-03-13T15:38:20 EET" description="Runs Cucumber Scenarios" data-provider="scenarios" finished-at="2022-03-13T15:38:25 EET">
          <params>
            <param index="0">
              <value>
                <![CDATA["user could search for product using fullname"]]>
              </value>
            </param>
            <param index="1">
              <value>
                <![CDATA["Optional[F02_Search | users will be able to search for products with different parameters]"]]>
              </value>
            </param>
          </params>
          <reporter-output>
          </reporter-output>
        </test-method> <!-- runScenario -->
        <test-method status="PASS" signature="tearDownClass()[pri:0, instance:com.automation.runners.TestRunner@2781e022]" name="tearDownClass" is-config="true" duration-ms="213" started-at="2022-03-13T15:38:25 EET" finished-at="2022-03-13T15:38:25 EET">
          <reporter-output>
          </reporter-output>
        </test-method> <!-- tearDownClass -->
      </class> <!-- com.automation.runners.TestRunner -->
    </test> <!-- Surefire test -->
  </suite> <!-- Surefire suite -->
</testng-results>
