<?xml version="1.0" encoding="UTF-8"?>
<!-- Generated by org.testng.reporters.JUnitReportReporter -->
<testsuite skipped="0" hostname="DESKTOP-PPBINS1" name="com.automation.runners.TestRunner" tests="2" failures="1" timestamp="2022-03-13T15:38:25 EET" time="11.392" errors="0">
  <testcase name="runScenario" time="6.805" classname="com.automation.runners.TestRunner">
    <failure type="java.lang.AssertionError" message="expected [true] but found [false]">
      <![CDATA[java.lang.AssertionError: expected [true] but found [false]
at org.testng.Assert.fail(Assert.java:99)
at org.testng.Assert.failNotEquals(Assert.java:1037)
at org.testng.Assert.assertTrue(Assert.java:45)
at org.testng.Assert.assertTrue(Assert.java:55)
at com.automation.step_definitions.loginStepDefinitions.success_login(loginStepDefinitions.java:37)
at âœ½.user login to the system successfully(file:///C:/Users/Khaled%20Ashraf/IdeaProjects/final_project_report/src/main/resources/features/F01_Login.feature:8)
]]>
    </failure>
  </testcase> <!-- runScenario -->
  <system-out/>
  <testcase name="runScenario" time="4.587" classname="com.automation.runners.TestRunner"/>
  <system-out/>
</testsuite> <!-- com.automation.runners.TestRunner -->
